
Showing logs for build [32mcb-kubecd-environment-pr-1506-9-fdbmf-1[0m stage [32mfrom-build-pack[0m and container [32mstep-credential-initializer-c5wld[0m
{"level":"info","ts":1590737009.4179611,"logger":"fallback-logger","caller":"logging/config.go:69","msg":"Fetch GitHub commit ID from kodata failed: open /var/run/ko/refs/heads/0.8.0-ns-support: no such file or directory"}
{"level":"info","ts":1590737009.4188807,"logger":"fallback-logger","caller":"creds-init/main.go:40","msg":"Credentials initialized."}

Showing logs for build [32mcb-kubecd-environment-pr-1506-9-fdbmf-1[0m stage [32mfrom-build-pack[0m and container [32mstep-working-dir-initializer-ndlpk[0m
{"level":"info","ts":1590737010.9436386,"logger":"fallback-logger","caller":"logging/config.go:69","msg":"Fetch GitHub commit ID from kodata failed: open /var/run/ko/HEAD: no such file or directory"}
{"level":"info","ts":1590737010.9513469,"logger":"fallback-logger","caller":"bash/main.go:64","msg":"Successfully executed command \"sh -c mkdir -p /workspace/source\"; output "}

Showing logs for build [32mcb-kubecd-environment-pr-1506-9-fdbmf-1[0m stage [32mfrom-build-pack[0m and container [32mstep-place-tools[0m

Showing logs for build [32mcb-kubecd-environment-pr-1506-9-fdbmf-1[0m stage [32mfrom-build-pack[0m and container [32mstep-git-source-cb-kubecd-environment-pr-1506-9-fdbmf-z94fb[0m
{"level":"info","ts":1590737017.2309318,"logger":"fallback-logger","caller":"logging/config.go:69","msg":"Fetch GitHub commit ID from kodata failed: open /var/run/ko/refs/heads/0.8.0-ns-support: no such file or directory"}
{"level":"info","ts":1590737018.3517392,"logger":"fallback-logger","caller":"git/git.go:103","msg":"Successfully cloned https://github.com/cb-kubecd/environment-pr-1506-9-bdd-frontend-staging.git @ master in path /workspace/source"}

Showing logs for build [32mcb-kubecd-environment-pr-1506-9-fdbmf-1[0m stage [32mfrom-build-pack[0m and container [32mstep-git-merge[0m
Using SHAs from PULL_REFS=master:e56d6ee96ffd8689e90de6c4ed3be4715e14b3a8,1:c7c40b06c525fb4be91e2b3bf7be952c4bbba698
DEBUG: LC_ALL=C JX_LOG_LEVEL=error git fetch origin --unshallow c7c40b06c525fb4be91e2b3bf7be952c4bbba698: e56d6ee96ffd8689e90de6c4ed3be4715e14b3a8:
DEBUG: ran git fetch --unshallow origin c7c40b06c525fb4be91e2b3bf7be952c4bbba698: e56d6ee96ffd8689e90de6c4ed3be4715e14b3a8: in 
DEBUG: LC_ALL=C JX_LOG_LEVEL=error git branch
DEBUG: LC_ALL=C JX_LOG_LEVEL=error git checkout master
DEBUG: ran git checkout master in 
DEBUG: LC_ALL=C JX_LOG_LEVEL=error git reset --hard e56d6ee96ffd8689e90de6c4ed3be4715e14b3a8
DEBUG: ran git reset --hard e56d6ee96ffd8689e90de6c4ed3be4715e14b3a8 in 
DEBUG: JX_LOG_LEVEL=error LC_ALL=C git clean -fd .
DEBUG: ran clean --force -d . in 
DEBUG: LC_ALL=C JX_LOG_LEVEL=error git merge c7c40b06c525fb4be91e2b3bf7be952c4bbba698
DEBUG: ran git merge c7c40b06c525fb4be91e2b3bf7be952c4bbba698 in 
DEBUG: LC_ALL=C JX_LOG_LEVEL=error git log --format=%H%x1f%an%x1f%ae%x1f%cn%x1f%ce%x1f%s%n%b%x1e e56d6ee96ffd8689e90de6c4ed3be4715e14b3a8..HEAD
Merged SHA c7c40b06c525fb4be91e2b3bf7be952c4bbba698 with commit message 'chore: Promote bdd-nh-1590735945 to version 0.0.1' into base branch master

Showing logs for build [32mcb-kubecd-environment-pr-1506-9-fdbmf-1[0m stage [32mfrom-build-pack[0m and container [32mstep-build-helm-build[0m
WARNING: No $CHART_REPOSITORY defined so using the default value of: http://jenkins-x-chartmuseum:8080
Adding missing Helm repo: storage.googleapis.com https://storage.googleapis.com/chartmuseum.jenkins-x.io
WARNING: No secrets found on "helm/repos" due: reading the secret "helm/repos" from vault: no secret "helm/repos" not found in vault
Read credentials for https://storage.googleapis.com/chartmuseum.jenkins-x.io from vault helm/repos
Successfully added Helm repository storage.googleapis.com.
Adding missing Helm repo: jenkins-x-chartmuseum http://jenkins-x-chartmuseum:8080
WARNING: No secrets found on "helm/repos" due: reading the secret "helm/repos" from vault: no secret "helm/repos" not found in vault
Read credentials for http://jenkins-x-chartmuseum:8080 from vault helm/repos
Successfully added Helm repository jenkins-x-chartmuseum.
WARNING: No $CHART_REPOSITORY defined so using the default value of: http://jenkins-x-chartmuseum:8080
Adding missing Helm repo: chartmuseum.jenkins-x.io http://chartmuseum.jenkins-x.io
WARNING: No secrets found on "helm/repos" due: reading the secret "helm/repos" from vault: no secret "helm/repos" not found in vault
Read credentials for http://chartmuseum.jenkins-x.io from vault helm/repos
Successfully added Helm repository chartmuseum.jenkins-x.io.
